<?xml version="1.0" encoding="UTF-8"?>
<testsuite name="pl.edu.agh.iisg.to.ActiveRecordTest" tests="10" skipped="0" failures="2" errors="0" timestamp="2023-10-07T14:00:50" hostname="LAPTOP-D8F1NP3D" time="94.13">
  <properties/>
  <testcase name="enrollStudentTest()" classname="pl.edu.agh.iisg.to.ActiveRecordTest" time="0.203"/>
  <testcase name="createStudentTest()" classname="pl.edu.agh.iisg.to.ActiveRecordTest" time="0.114"/>
  <testcase name="courseStudentListTest()" classname="pl.edu.agh.iisg.to.ActiveRecordTest" time="93.037"/>
  <testcase name="findStudentIndexTest()" classname="pl.edu.agh.iisg.to.ActiveRecordTest" time="0.119"/>
  <testcase name="findStudentTest()" classname="pl.edu.agh.iisg.to.ActiveRecordTest" time="0.082"/>
  <testcase name="createReportTest()" classname="pl.edu.agh.iisg.to.ActiveRecordTest" time="0.163">
    <failure message="java.lang.NullPointerException: Cannot invoke &quot;java.lang.Float.floatValue()&quot; because the return value of &quot;java.util.Map.get(Object)&quot; is null" type="java.lang.NullPointerException">java.lang.NullPointerException: Cannot invoke &quot;java.lang.Float.floatValue()&quot; because the return value of &quot;java.util.Map.get(Object)&quot; is null
	at pl.edu.agh.iisg.to.ActiveRecordTest.createReportTest(ActiveRecordTest.java:206)
	at java.base/jdk.internal.reflect.NativeMethodAccessorImpl.invoke0(Native Method)
	at java.base/jdk.internal.reflect.NativeMethodAccessorImpl.invoke(NativeMethodAccessorImpl.java:77)
	at java.base/jdk.internal.reflect.DelegatingMethodAccessorImpl.invoke(DelegatingMethodAccessorImpl.java:43)
	at java.base/java.lang.reflect.Method.invoke(Method.java:568)
	at org.junit.platform.commons.util.ReflectionUtils.invokeMethod(ReflectionUtils.java:515)
	at org.junit.jupiter.engine.execution.ExecutableInvoker.invoke(ExecutableInvoker.java:115)
	at org.junit.jupiter.engine.descriptor.TestMethodTestDescriptor.lambda$invokeTestMethod$6(TestMethodTestDescriptor.java:171)
	at org.junit.platform.engine.support.hierarchical.ThrowableCollector.execute(ThrowableCollector.java:72)
	at org.junit.jupiter.engine.descriptor.TestMethodTestDescriptor.invokeTestMethod(TestMethodTestDescriptor.java:167)
	at org.junit.jupiter.engine.descriptor.TestMethodTestDescriptor.execute(TestMethodTestDescriptor.java:114)
	at org.junit.jupiter.engine.descriptor.TestMethodTestDescriptor.execute(TestMethodTestDescriptor.java:59)
	at org.junit.platform.engine.support.hierarchical.NodeTestTask.lambda$executeRecursively$5(NodeTestTask.java:105)
	at org.junit.platform.engine.support.hierarchical.ThrowableCollector.execute(ThrowableCollector.java:72)
	at org.junit.platform.engine.support.hierarchical.NodeTestTask.executeRecursively(NodeTestTask.java:95)
	at org.junit.platform.engine.support.hierarchical.NodeTestTask.execute(NodeTestTask.java:71)
	at java.base/java.util.ArrayList.forEach(ArrayList.java:1511)
	at org.junit.platform.engine.support.hierarchical.SameThreadHierarchicalTestExecutorService.invokeAll(SameThreadHierarchicalTestExecutorService.java:38)
	at org.junit.platform.engine.support.hierarchical.NodeTestTask.lambda$executeRecursively$5(NodeTestTask.java:110)
	at org.junit.platform.engine.support.hierarchical.ThrowableCollector.execute(ThrowableCollector.java:72)
	at org.junit.platform.engine.support.hierarchical.NodeTestTask.executeRecursively(NodeTestTask.java:95)
	at org.junit.platform.engine.support.hierarchical.NodeTestTask.execute(NodeTestTask.java:71)
	at java.base/java.util.ArrayList.forEach(ArrayList.java:1511)
	at org.junit.platform.engine.support.hierarchical.SameThreadHierarchicalTestExecutorService.invokeAll(SameThreadHierarchicalTestExecutorService.java:38)
	at org.junit.platform.engine.support.hierarchical.NodeTestTask.lambda$executeRecursively$5(NodeTestTask.java:110)
	at org.junit.platform.engine.support.hierarchical.ThrowableCollector.execute(ThrowableCollector.java:72)
	at org.junit.platform.engine.support.hierarchical.NodeTestTask.executeRecursively(NodeTestTask.java:95)
	at org.junit.platform.engine.support.hierarchical.NodeTestTask.execute(NodeTestTask.java:71)
	at org.junit.platform.engine.support.hierarchical.SameThreadHierarchicalTestExecutorService.submit(SameThreadHierarchicalTestExecutorService.java:32)
	at org.junit.platform.engine.support.hierarchical.HierarchicalTestExecutor.execute(HierarchicalTestExecutor.java:57)
	at org.junit.platform.engine.support.hierarchical.HierarchicalTestEngine.execute(HierarchicalTestEngine.java:51)
	at org.junit.platform.launcher.core.EngineExecutionOrchestrator.execute(EngineExecutionOrchestrator.java:108)
	at org.junit.platform.launcher.core.EngineExecutionOrchestrator.execute(EngineExecutionOrchestrator.java:88)
	at org.junit.platform.launcher.core.EngineExecutionOrchestrator.lambda$execute$0(EngineExecutionOrchestrator.java:54)
	at org.junit.platform.launcher.core.EngineExecutionOrchestrator.withInterceptedStreams(EngineExecutionOrchestrator.java:67)
	at org.junit.platform.launcher.core.EngineExecutionOrchestrator.execute(EngineExecutionOrchestrator.java:52)
	at org.junit.platform.launcher.core.DefaultLauncher.execute(DefaultLauncher.java:96)
	at org.junit.platform.launcher.core.DefaultLauncher.execute(DefaultLauncher.java:75)
	at org.gradle.api.internal.tasks.testing.junitplatform.JUnitPlatformTestClassProcessor$CollectAllTestClassesExecutor.processAllTestClasses(JUnitPlatformTestClassProcessor.java:99)
	at org.gradle.api.internal.tasks.testing.junitplatform.JUnitPlatformTestClassProcessor$CollectAllTestClassesExecutor.access$000(JUnitPlatformTestClassProcessor.java:79)
	at org.gradle.api.internal.tasks.testing.junitplatform.JUnitPlatformTestClassProcessor.stop(JUnitPlatformTestClassProcessor.java:75)
	at org.gradle.api.internal.tasks.testing.SuiteTestClassProcessor.stop(SuiteTestClassProcessor.java:61)
	at java.base/jdk.internal.reflect.NativeMethodAccessorImpl.invoke0(Native Method)
	at java.base/jdk.internal.reflect.NativeMethodAccessorImpl.invoke(NativeMethodAccessorImpl.java:77)
	at java.base/jdk.internal.reflect.DelegatingMethodAccessorImpl.invoke(DelegatingMethodAccessorImpl.java:43)
	at java.base/java.lang.reflect.Method.invoke(Method.java:568)
	at org.gradle.internal.dispatch.ReflectionDispatch.dispatch(ReflectionDispatch.java:36)
	at org.gradle.internal.dispatch.ReflectionDispatch.dispatch(ReflectionDispatch.java:24)
	at org.gradle.internal.dispatch.ContextClassLoaderDispatch.dispatch(ContextClassLoaderDispatch.java:33)
	at org.gradle.internal.dispatch.ProxyDispatchAdapter$DispatchingInvocationHandler.invoke(ProxyDispatchAdapter.java:94)
	at jdk.proxy1/jdk.proxy1.$Proxy2.stop(Unknown Source)
	at org.gradle.api.internal.tasks.testing.worker.TestWorker$3.run(TestWorker.java:193)
	at org.gradle.api.internal.tasks.testing.worker.TestWorker.executeAndMaintainThreadName(TestWorker.java:129)
	at org.gradle.api.internal.tasks.testing.worker.TestWorker.execute(TestWorker.java:100)
	at org.gradle.api.internal.tasks.testing.worker.TestWorker.execute(TestWorker.java:60)
	at org.gradle.process.internal.worker.child.ActionExecutionWorker.execute(ActionExecutionWorker.java:56)
	at org.gradle.process.internal.worker.child.SystemApplicationClassLoaderWorker.call(SystemApplicationClassLoaderWorker.java:133)
	at org.gradle.process.internal.worker.child.SystemApplicationClassLoaderWorker.call(SystemApplicationClassLoaderWorker.java:71)
	at worker.org.gradle.process.internal.worker.GradleWorkerMain.run(GradleWorkerMain.java:69)
	at worker.org.gradle.process.internal.worker.GradleWorkerMain.main(GradleWorkerMain.java:74)
</failure>
  </testcase>
  <testcase name="createCourseTest()" classname="pl.edu.agh.iisg.to.ActiveRecordTest" time="0.104"/>
  <testcase name="findCourseTest()" classname="pl.edu.agh.iisg.to.ActiveRecordTest" time="0.066"/>
  <testcase name="cachedCourseStudentListTest()" classname="pl.edu.agh.iisg.to.ActiveRecordTest" time="0.11">
    <failure message="java.lang.NullPointerException: Cannot invoke &quot;java.util.List.size()&quot; because &quot;students&quot; is null" type="java.lang.NullPointerException">java.lang.NullPointerException: Cannot invoke &quot;java.util.List.size()&quot; because &quot;students&quot; is null
	at pl.edu.agh.iisg.to.ActiveRecordTest.cachedCourseStudentListTest(ActiveRecordTest.java:165)
	at java.base/jdk.internal.reflect.NativeMethodAccessorImpl.invoke0(Native Method)
	at java.base/jdk.internal.reflect.NativeMethodAccessorImpl.invoke(NativeMethodAccessorImpl.java:77)
	at java.base/jdk.internal.reflect.DelegatingMethodAccessorImpl.invoke(DelegatingMethodAccessorImpl.java:43)
	at java.base/java.lang.reflect.Method.invoke(Method.java:568)
	at org.junit.platform.commons.util.ReflectionUtils.invokeMethod(ReflectionUtils.java:515)
	at org.junit.jupiter.engine.execution.ExecutableInvoker.invoke(ExecutableInvoker.java:115)
	at org.junit.jupiter.engine.descriptor.TestMethodTestDescriptor.lambda$invokeTestMethod$6(TestMethodTestDescriptor.java:171)
	at org.junit.platform.engine.support.hierarchical.ThrowableCollector.execute(ThrowableCollector.java:72)
	at org.junit.jupiter.engine.descriptor.TestMethodTestDescriptor.invokeTestMethod(TestMethodTestDescriptor.java:167)
	at org.junit.jupiter.engine.descriptor.TestMethodTestDescriptor.execute(TestMethodTestDescriptor.java:114)
	at org.junit.jupiter.engine.descriptor.TestMethodTestDescriptor.execute(TestMethodTestDescriptor.java:59)
	at org.junit.platform.engine.support.hierarchical.NodeTestTask.lambda$executeRecursively$5(NodeTestTask.java:105)
	at org.junit.platform.engine.support.hierarchical.ThrowableCollector.execute(ThrowableCollector.java:72)
	at org.junit.platform.engine.support.hierarchical.NodeTestTask.executeRecursively(NodeTestTask.java:95)
	at org.junit.platform.engine.support.hierarchical.NodeTestTask.execute(NodeTestTask.java:71)
	at java.base/java.util.ArrayList.forEach(ArrayList.java:1511)
	at org.junit.platform.engine.support.hierarchical.SameThreadHierarchicalTestExecutorService.invokeAll(SameThreadHierarchicalTestExecutorService.java:38)
	at org.junit.platform.engine.support.hierarchical.NodeTestTask.lambda$executeRecursively$5(NodeTestTask.java:110)
	at org.junit.platform.engine.support.hierarchical.ThrowableCollector.execute(ThrowableCollector.java:72)
	at org.junit.platform.engine.support.hierarchical.NodeTestTask.executeRecursively(NodeTestTask.java:95)
	at org.junit.platform.engine.support.hierarchical.NodeTestTask.execute(NodeTestTask.java:71)
	at java.base/java.util.ArrayList.forEach(ArrayList.java:1511)
	at org.junit.platform.engine.support.hierarchical.SameThreadHierarchicalTestExecutorService.invokeAll(SameThreadHierarchicalTestExecutorService.java:38)
	at org.junit.platform.engine.support.hierarchical.NodeTestTask.lambda$executeRecursively$5(NodeTestTask.java:110)
	at org.junit.platform.engine.support.hierarchical.ThrowableCollector.execute(ThrowableCollector.java:72)
	at org.junit.platform.engine.support.hierarchical.NodeTestTask.executeRecursively(NodeTestTask.java:95)
	at org.junit.platform.engine.support.hierarchical.NodeTestTask.execute(NodeTestTask.java:71)
	at org.junit.platform.engine.support.hierarchical.SameThreadHierarchicalTestExecutorService.submit(SameThreadHierarchicalTestExecutorService.java:32)
	at org.junit.platform.engine.support.hierarchical.HierarchicalTestExecutor.execute(HierarchicalTestExecutor.java:57)
	at org.junit.platform.engine.support.hierarchical.HierarchicalTestEngine.execute(HierarchicalTestEngine.java:51)
	at org.junit.platform.launcher.core.EngineExecutionOrchestrator.execute(EngineExecutionOrchestrator.java:108)
	at org.junit.platform.launcher.core.EngineExecutionOrchestrator.execute(EngineExecutionOrchestrator.java:88)
	at org.junit.platform.launcher.core.EngineExecutionOrchestrator.lambda$execute$0(EngineExecutionOrchestrator.java:54)
	at org.junit.platform.launcher.core.EngineExecutionOrchestrator.withInterceptedStreams(EngineExecutionOrchestrator.java:67)
	at org.junit.platform.launcher.core.EngineExecutionOrchestrator.execute(EngineExecutionOrchestrator.java:52)
	at org.junit.platform.launcher.core.DefaultLauncher.execute(DefaultLauncher.java:96)
	at org.junit.platform.launcher.core.DefaultLauncher.execute(DefaultLauncher.java:75)
	at org.gradle.api.internal.tasks.testing.junitplatform.JUnitPlatformTestClassProcessor$CollectAllTestClassesExecutor.processAllTestClasses(JUnitPlatformTestClassProcessor.java:99)
	at org.gradle.api.internal.tasks.testing.junitplatform.JUnitPlatformTestClassProcessor$CollectAllTestClassesExecutor.access$000(JUnitPlatformTestClassProcessor.java:79)
	at org.gradle.api.internal.tasks.testing.junitplatform.JUnitPlatformTestClassProcessor.stop(JUnitPlatformTestClassProcessor.java:75)
	at org.gradle.api.internal.tasks.testing.SuiteTestClassProcessor.stop(SuiteTestClassProcessor.java:61)
	at java.base/jdk.internal.reflect.NativeMethodAccessorImpl.invoke0(Native Method)
	at java.base/jdk.internal.reflect.NativeMethodAccessorImpl.invoke(NativeMethodAccessorImpl.java:77)
	at java.base/jdk.internal.reflect.DelegatingMethodAccessorImpl.invoke(DelegatingMethodAccessorImpl.java:43)
	at java.base/java.lang.reflect.Method.invoke(Method.java:568)
	at org.gradle.internal.dispatch.ReflectionDispatch.dispatch(ReflectionDispatch.java:36)
	at org.gradle.internal.dispatch.ReflectionDispatch.dispatch(ReflectionDispatch.java:24)
	at org.gradle.internal.dispatch.ContextClassLoaderDispatch.dispatch(ContextClassLoaderDispatch.java:33)
	at org.gradle.internal.dispatch.ProxyDispatchAdapter$DispatchingInvocationHandler.invoke(ProxyDispatchAdapter.java:94)
	at jdk.proxy1/jdk.proxy1.$Proxy2.stop(Unknown Source)
	at org.gradle.api.internal.tasks.testing.worker.TestWorker$3.run(TestWorker.java:193)
	at org.gradle.api.internal.tasks.testing.worker.TestWorker.executeAndMaintainThreadName(TestWorker.java:129)
	at org.gradle.api.internal.tasks.testing.worker.TestWorker.execute(TestWorker.java:100)
	at org.gradle.api.internal.tasks.testing.worker.TestWorker.execute(TestWorker.java:60)
	at org.gradle.process.internal.worker.child.ActionExecutionWorker.execute(ActionExecutionWorker.java:56)
	at org.gradle.process.internal.worker.child.SystemApplicationClassLoaderWorker.call(SystemApplicationClassLoaderWorker.java:133)
	at org.gradle.process.internal.worker.child.SystemApplicationClassLoaderWorker.call(SystemApplicationClassLoaderWorker.java:71)
	at worker.org.gradle.process.internal.worker.GradleWorkerMain.run(GradleWorkerMain.java:69)
	at worker.org.gradle.process.internal.worker.GradleWorkerMain.main(GradleWorkerMain.java:74)
</failure>
  </testcase>
  <testcase name="gradeStudentTest()" classname="pl.edu.agh.iisg.to.ActiveRecordTest" time="0.114"/>
  <system-out><![CDATA[]]></system-out>
  <system-err><![CDATA[paź 07, 2023 4:00:49 PM pl.edu.agh.iisg.to.connection.ConnectionProvider init
INFO: Loading driver
paź 07, 2023 4:00:50 PM pl.edu.agh.iisg.to.connection.ConnectionProvider init
INFO: Connection created
paź 07, 2023 4:00:50 PM pl.edu.agh.iisg.to.connection.ConnectionProvider close
INFO: Closing connection
paź 07, 2023 4:00:50 PM pl.edu.agh.iisg.to.connection.ConnectionProvider init
INFO: Loading driver
paź 07, 2023 4:00:50 PM pl.edu.agh.iisg.to.connection.ConnectionProvider init
INFO: Connection created
paź 07, 2023 4:00:50 PM pl.edu.agh.iisg.to.executor.QueryExecutor <clinit>
INFO: Creating table Student
paź 07, 2023 4:00:50 PM pl.edu.agh.iisg.to.executor.QueryExecutor <clinit>
INFO: Creating table Course
paź 07, 2023 4:00:50 PM pl.edu.agh.iisg.to.executor.QueryExecutor <clinit>
INFO: Creating table Student_Course
paź 07, 2023 4:00:50 PM pl.edu.agh.iisg.to.executor.QueryExecutor <clinit>
INFO: Creating table Grade
paź 07, 2023 4:00:50 PM pl.edu.agh.iisg.to.executor.QueryExecutor read
INFO: Query: SELECT * FROM student WHERE id = (?) executed.
paź 07, 2023 4:00:50 PM pl.edu.agh.iisg.to.executor.QueryExecutor read
INFO: Query: SELECT * FROM course WHERE id = ? executed.
paź 07, 2023 4:00:50 PM pl.edu.agh.iisg.to.executor.QueryExecutor read
INFO: Query: SELECT student_id, course_id FROM student_course sc WHERE sc.student_id = ? and sc.course_id = ?  executed.
paź 07, 2023 4:00:50 PM pl.edu.agh.iisg.to.executor.QueryExecutor read
INFO: Query: SELECT student_id, course_id FROM student_course sc WHERE sc.student_id = ? and sc.course_id = ?  executed.
paź 07, 2023 4:00:50 PM pl.edu.agh.iisg.to.executor.QueryExecutor read
INFO: Query: SELECT * FROM student WHERE id = (?) executed.
paź 07, 2023 4:00:50 PM pl.edu.agh.iisg.to.executor.QueryExecutor read
INFO: Query: SELECT * FROM student WHERE id = (?) executed.
org.sqlite.SQLiteException: [SQLITE_CONSTRAINT_UNIQUE] A UNIQUE constraint failed (UNIQUE constraint failed: student.index_number)
	at org.sqlite.core.DB.newSQLException(DB.java:1179)
	at org.sqlite.core.DB.newSQLException(DB.java:1190)
	at org.sqlite.core.DB.execute(DB.java:985)
	at org.sqlite.jdbc3.JDBC3PreparedStatement.lambda$execute$0(JDBC3PreparedStatement.java:58)
	at org.sqlite.jdbc3.JDBC3Statement.withConnectionTimeout(JDBC3Statement.java:454)
	at org.sqlite.jdbc3.JDBC3PreparedStatement.execute(JDBC3PreparedStatement.java:53)
	at pl.edu.agh.iisg.to.executor.QueryExecutor.createAndObtainId(QueryExecutor.java:65)
	at pl.edu.agh.iisg.to.model.Student.create(Student.java:40)
	at pl.edu.agh.iisg.to.ActiveRecordTest.createStudentTest(ActiveRecordTest.java:48)
	at java.base/jdk.internal.reflect.NativeMethodAccessorImpl.invoke0(Native Method)
	at java.base/jdk.internal.reflect.NativeMethodAccessorImpl.invoke(NativeMethodAccessorImpl.java:77)
	at java.base/jdk.internal.reflect.DelegatingMethodAccessorImpl.invoke(DelegatingMethodAccessorImpl.java:43)
	at java.base/java.lang.reflect.Method.invoke(Method.java:568)
	at org.junit.platform.commons.util.ReflectionUtils.invokeMethod(ReflectionUtils.java:515)
	at org.junit.jupiter.engine.execution.ExecutableInvoker.invoke(ExecutableInvoker.java:115)
	at org.junit.jupiter.engine.descriptor.TestMethodTestDescriptor.lambda$invokeTestMethod$6(TestMethodTestDescriptor.java:171)
	at org.junit.platform.engine.support.hierarchical.ThrowableCollector.execute(ThrowableCollector.java:72)
	at org.junit.jupiter.engine.descriptor.TestMethodTestDescriptor.invokeTestMethod(TestMethodTestDescriptor.java:167)
	at org.junit.jupiter.engine.descriptor.TestMethodTestDescriptor.execute(TestMethodTestDescriptor.java:114)
	at org.junit.jupiter.engine.descriptor.TestMethodTestDescriptor.execute(TestMethodTestDescriptor.java:59)
	at org.junit.platform.engine.support.hierarchical.NodeTestTask.lambda$executeRecursively$5(NodeTestTask.java:105)
	at org.junit.platform.engine.support.hierarchical.ThrowableCollector.execute(ThrowableCollector.java:72)
	at org.junit.platform.engine.support.hierarchical.NodeTestTask.executeRecursively(NodeTestTask.java:95)
	at org.junit.platform.engine.support.hierarchical.NodeTestTask.execute(NodeTestTask.java:71)
	at java.base/java.util.ArrayList.forEach(ArrayList.java:1511)
	at org.junit.platform.engine.support.hierarchical.SameThreadHierarchicalTestExecutorService.invokeAll(SameThreadHierarchicalTestExecutorService.java:38)
	at org.junit.platform.engine.support.hierarchical.NodeTestTask.lambda$executeRecursively$5(NodeTestTask.java:110)
	at org.junit.platform.engine.support.hierarchical.ThrowableCollector.execute(ThrowableCollector.java:72)
	at org.junit.platform.engine.support.hierarchical.NodeTestTask.executeRecursively(NodeTestTask.java:95)
	at org.junit.platform.engine.support.hierarchical.NodeTestTask.execute(NodeTestTask.java:71)
	at java.base/java.util.ArrayList.forEach(ArrayList.java:1511)
	at org.junit.platform.engine.support.hierarchical.SameThreadHierarchicalTestExecutorService.invokeAll(SameThreadHierarchicalTestExecutorService.java:38)
	at org.junit.platform.engine.support.hierarchical.NodeTestTask.lambda$executeRecursively$5(NodeTestTask.java:110)
	at org.junit.platform.engine.support.hierarchical.ThrowableCollector.execute(ThrowableCollector.java:72)
	at org.junit.platform.engine.support.hierarchical.NodeTestTask.executeRecursively(NodeTestTask.java:95)
	at org.junit.platform.engine.support.hierarchical.NodeTestTask.execute(NodeTestTask.java:71)
	at org.junit.platform.engine.support.hierarchical.SameThreadHierarchicalTestExecutorService.submit(SameThreadHierarchicalTestExecutorService.java:32)
	at org.junit.platform.engine.support.hierarchical.HierarchicalTestExecutor.execute(HierarchicalTestExecutor.java:57)
	at org.junit.platform.engine.support.hierarchical.HierarchicalTestEngine.execute(HierarchicalTestEngine.java:51)
	at org.junit.platform.launcher.core.EngineExecutionOrchestrator.execute(EngineExecutionOrchestrator.java:108)
	at org.junit.platform.launcher.core.EngineExecutionOrchestrator.execute(EngineExecutionOrchestrator.java:88)
	at org.junit.platform.launcher.core.EngineExecutionOrchestrator.lambda$execute$0(EngineExecutionOrchestrator.java:54)
	at org.junit.platform.launcher.core.EngineExecutionOrchestrator.withInterceptedStreams(EngineExecutionOrchestrator.java:67)
	at org.junit.platform.launcher.core.EngineExecutionOrchestrator.execute(EngineExecutionOrchestrator.java:52)
	at org.junit.platform.launcher.core.DefaultLauncher.execute(DefaultLauncher.java:96)
	at org.junit.platform.launcher.core.DefaultLauncher.execute(DefaultLauncher.java:75)
	at org.gradle.api.internal.tasks.testing.junitplatform.JUnitPlatformTestClassProcessor$CollectAllTestClassesExecutor.processAllTestClasses(JUnitPlatformTestClassProcessor.java:99)
	at org.gradle.api.internal.tasks.testing.junitplatform.JUnitPlatformTestClassProcessor$CollectAllTestClassesExecutor.access$000(JUnitPlatformTestClassProcessor.java:79)
	at org.gradle.api.internal.tasks.testing.junitplatform.JUnitPlatformTestClassProcessor.stop(JUnitPlatformTestClassProcessor.java:75)
	at org.gradle.api.internal.tasks.testing.SuiteTestClassProcessor.stop(SuiteTestClassProcessor.java:61)
	at java.base/jdk.internal.reflect.NativeMethodAccessorImpl.invoke0(Native Method)
	at java.base/jdk.internal.reflect.NativeMethodAccessorImpl.invoke(NativeMethodAccessorImpl.java:77)
	at java.base/jdk.internal.reflect.DelegatingMethodAccessorImpl.invoke(DelegatingMethodAccessorImpl.java:43)
	at java.base/java.lang.reflect.Method.invoke(Method.java:568)
	at org.gradle.internal.dispatch.ReflectionDispatch.dispatch(ReflectionDispatch.java:36)
	at org.gradle.internal.dispatch.ReflectionDispatch.dispatch(ReflectionDispatch.java:24)
	at org.gradle.internal.dispatch.ContextClassLoaderDispatch.dispatch(ContextClassLoaderDispatch.java:33)
	at org.gradle.internal.dispatch.ProxyDispatchAdapter$DispatchingInvocationHandler.invoke(ProxyDispatchAdapter.java:94)
	at jdk.proxy1/jdk.proxy1.$Proxy2.stop(Unknown Source)
	at org.gradle.api.internal.tasks.testing.worker.TestWorker$3.run(TestWorker.java:193)
	at org.gradle.api.internal.tasks.testing.worker.TestWorker.executeAndMaintainThreadName(TestWorker.java:129)
	at org.gradle.api.internal.tasks.testing.worker.TestWorker.execute(TestWorker.java:100)
	at org.gradle.api.internal.tasks.testing.worker.TestWorker.execute(TestWorker.java:60)
	at org.gradle.process.internal.worker.child.ActionExecutionWorker.execute(ActionExecutionWorker.java:56)
	at org.gradle.process.internal.worker.child.SystemApplicationClassLoaderWorker.call(SystemApplicationClassLoaderWorker.java:133)
	at org.gradle.process.internal.worker.child.SystemApplicationClassLoaderWorker.call(SystemApplicationClassLoaderWorker.java:71)
	at worker.org.gradle.process.internal.worker.GradleWorkerMain.run(GradleWorkerMain.java:69)
	at worker.org.gradle.process.internal.worker.GradleWorkerMain.main(GradleWorkerMain.java:74)
paź 07, 2023 4:00:50 PM pl.edu.agh.iisg.to.executor.QueryExecutor read
INFO: Query: SELECT * FROM student WHERE id = (?) executed.
paź 07, 2023 4:00:50 PM pl.edu.agh.iisg.to.executor.QueryExecutor read
INFO: Query: SELECT * FROM student WHERE id = (?) executed.
paź 07, 2023 4:00:50 PM pl.edu.agh.iisg.to.executor.QueryExecutor read
INFO: Query: SELECT * FROM course WHERE id = ? executed.
paź 07, 2023 4:00:50 PM pl.edu.agh.iisg.to.executor.QueryExecutor read
INFO: Query: SELECT student_id, course_id FROM student_course sc WHERE sc.student_id = ? and sc.course_id = ?  executed.
paź 07, 2023 4:00:50 PM pl.edu.agh.iisg.to.executor.QueryExecutor read
INFO: Query: SELECT student_id, course_id FROM student_course sc WHERE sc.student_id = ? and sc.course_id = ?  executed.
paź 07, 2023 4:00:53 PM pl.edu.agh.iisg.to.executor.QueryExecutor read
INFO: Query: SELECT * FROM student INNER JOIN student_course ON student.id = student_course.student_id WHERE student_course.course_id = ? executed.
paź 07, 2023 4:02:23 PM pl.edu.agh.iisg.to.executor.QueryExecutor read
INFO: Query: SELECT * FROM student WHERE id = (?) executed.
paź 07, 2023 4:02:23 PM pl.edu.agh.iisg.to.executor.QueryExecutor read
INFO: Query: SELECT * FROM student WHERE index_number = ? executed.
paź 07, 2023 4:02:23 PM pl.edu.agh.iisg.to.executor.QueryExecutor read
INFO: Query: SELECT * FROM student WHERE id = (?) executed.
paź 07, 2023 4:02:23 PM pl.edu.agh.iisg.to.executor.QueryExecutor read
INFO: Query: SELECT * FROM student WHERE id = (?) executed.
paź 07, 2023 4:02:23 PM pl.edu.agh.iisg.to.executor.QueryExecutor read
INFO: Query: SELECT * FROM student WHERE id = (?) executed.
paź 07, 2023 4:02:24 PM pl.edu.agh.iisg.to.executor.QueryExecutor read
INFO: Query: SELECT * FROM student WHERE id = (?) executed.
paź 07, 2023 4:02:24 PM pl.edu.agh.iisg.to.executor.QueryExecutor read
INFO: Query: SELECT * FROM course WHERE id = ? executed.
paź 07, 2023 4:02:24 PM pl.edu.agh.iisg.to.executor.QueryExecutor read
INFO: Query: SELECT * FROM course WHERE id = ? executed.
paź 07, 2023 4:02:24 PM pl.edu.agh.iisg.to.executor.QueryExecutor read
INFO: Query: select * from grade as g where g.student_id = ? and g.course_id = ? executed.
paź 07, 2023 4:02:24 PM pl.edu.agh.iisg.to.executor.QueryExecutor read
INFO: Query: select * from grade as g where g.student_id = ? and g.course_id = ? executed.
paź 07, 2023 4:02:24 PM pl.edu.agh.iisg.to.executor.QueryExecutor read
INFO: Query: select * from grade as g where g.student_id = ? and g.course_id = ? executed.
paź 07, 2023 4:02:24 PM pl.edu.agh.iisg.to.executor.QueryExecutor read
INFO: Query: select * from grade as g where g.student_id = ? and g.course_id = ? executed.
paź 07, 2023 4:02:24 PM pl.edu.agh.iisg.to.executor.QueryExecutor read
INFO: Query: SELECT * FROM course WHERE id = ? executed.
paź 07, 2023 4:02:24 PM pl.edu.agh.iisg.to.executor.QueryExecutor read
INFO: Query: SELECT * FROM course WHERE id = ? executed.
org.sqlite.SQLiteException: [SQLITE_CONSTRAINT_UNIQUE] A UNIQUE constraint failed (UNIQUE constraint failed: course.name)
	at org.sqlite.core.DB.newSQLException(DB.java:1179)
	at org.sqlite.core.DB.newSQLException(DB.java:1190)
	at org.sqlite.core.DB.execute(DB.java:985)
	at org.sqlite.jdbc3.JDBC3PreparedStatement.lambda$execute$0(JDBC3PreparedStatement.java:58)
	at org.sqlite.jdbc3.JDBC3Statement.withConnectionTimeout(JDBC3Statement.java:454)
	at org.sqlite.jdbc3.JDBC3PreparedStatement.execute(JDBC3PreparedStatement.java:53)
	at pl.edu.agh.iisg.to.executor.QueryExecutor.createAndObtainId(QueryExecutor.java:65)
	at pl.edu.agh.iisg.to.model.Course.create(Course.java:39)
	at pl.edu.agh.iisg.to.ActiveRecordTest.createCourseTest(ActiveRecordTest.java:87)
	at java.base/jdk.internal.reflect.NativeMethodAccessorImpl.invoke0(Native Method)
	at java.base/jdk.internal.reflect.NativeMethodAccessorImpl.invoke(NativeMethodAccessorImpl.java:77)
	at java.base/jdk.internal.reflect.DelegatingMethodAccessorImpl.invoke(DelegatingMethodAccessorImpl.java:43)
	at java.base/java.lang.reflect.Method.invoke(Method.java:568)
	at org.junit.platform.commons.util.ReflectionUtils.invokeMethod(ReflectionUtils.java:515)
	at org.junit.jupiter.engine.execution.ExecutableInvoker.invoke(ExecutableInvoker.java:115)
	at org.junit.jupiter.engine.descriptor.TestMethodTestDescriptor.lambda$invokeTestMethod$6(TestMethodTestDescriptor.java:171)
	at org.junit.platform.engine.support.hierarchical.ThrowableCollector.execute(ThrowableCollector.java:72)
	at org.junit.jupiter.engine.descriptor.TestMethodTestDescriptor.invokeTestMethod(TestMethodTestDescriptor.java:167)
	at org.junit.jupiter.engine.descriptor.TestMethodTestDescriptor.execute(TestMethodTestDescriptor.java:114)
	at org.junit.jupiter.engine.descriptor.TestMethodTestDescriptor.execute(TestMethodTestDescriptor.java:59)
	at org.junit.platform.engine.support.hierarchical.NodeTestTask.lambda$executeRecursively$5(NodeTestTask.java:105)
	at org.junit.platform.engine.support.hierarchical.ThrowableCollector.execute(ThrowableCollector.java:72)
	at org.junit.platform.engine.support.hierarchical.NodeTestTask.executeRecursively(NodeTestTask.java:95)
	at org.junit.platform.engine.support.hierarchical.NodeTestTask.execute(NodeTestTask.java:71)
	at java.base/java.util.ArrayList.forEach(ArrayList.java:1511)
	at org.junit.platform.engine.support.hierarchical.SameThreadHierarchicalTestExecutorService.invokeAll(SameThreadHierarchicalTestExecutorService.java:38)
	at org.junit.platform.engine.support.hierarchical.NodeTestTask.lambda$executeRecursively$5(NodeTestTask.java:110)
	at org.junit.platform.engine.support.hierarchical.ThrowableCollector.execute(ThrowableCollector.java:72)
	at org.junit.platform.engine.support.hierarchical.NodeTestTask.executeRecursively(NodeTestTask.java:95)
	at org.junit.platform.engine.support.hierarchical.NodeTestTask.execute(NodeTestTask.java:71)
	at java.base/java.util.ArrayList.forEach(ArrayList.java:1511)
	at org.junit.platform.engine.support.hierarchical.SameThreadHierarchicalTestExecutorService.invokeAll(SameThreadHierarchicalTestExecutorService.java:38)
	at org.junit.platform.engine.support.hierarchical.NodeTestTask.lambda$executeRecursively$5(NodeTestTask.java:110)
	at org.junit.platform.engine.support.hierarchical.ThrowableCollector.execute(ThrowableCollector.java:72)
	at org.junit.platform.engine.support.hierarchical.NodeTestTask.executeRecursively(NodeTestTask.java:95)
	at org.junit.platform.engine.support.hierarchical.NodeTestTask.execute(NodeTestTask.java:71)
	at org.junit.platform.engine.support.hierarchical.SameThreadHierarchicalTestExecutorService.submit(SameThreadHierarchicalTestExecutorService.java:32)
	at org.junit.platform.engine.support.hierarchical.HierarchicalTestExecutor.execute(HierarchicalTestExecutor.java:57)
	at org.junit.platform.engine.support.hierarchical.HierarchicalTestEngine.execute(HierarchicalTestEngine.java:51)
	at org.junit.platform.launcher.core.EngineExecutionOrchestrator.execute(EngineExecutionOrchestrator.java:108)
	at org.junit.platform.launcher.core.EngineExecutionOrchestrator.execute(EngineExecutionOrchestrator.java:88)
	at org.junit.platform.launcher.core.EngineExecutionOrchestrator.lambda$execute$0(EngineExecutionOrchestrator.java:54)
	at org.junit.platform.launcher.core.EngineExecutionOrchestrator.withInterceptedStreams(EngineExecutionOrchestrator.java:67)
	at org.junit.platform.launcher.core.EngineExecutionOrchestrator.execute(EngineExecutionOrchestrator.java:52)
	at org.junit.platform.launcher.core.DefaultLauncher.execute(DefaultLauncher.java:96)
	at org.junit.platform.launcher.core.DefaultLauncher.execute(DefaultLauncher.java:75)
	at org.gradle.api.internal.tasks.testing.junitplatform.JUnitPlatformTestClassProcessor$CollectAllTestClassesExecutor.processAllTestClasses(JUnitPlatformTestClassProcessor.java:99)
	at org.gradle.api.internal.tasks.testing.junitplatform.JUnitPlatformTestClassProcessor$CollectAllTestClassesExecutor.access$000(JUnitPlatformTestClassProcessor.java:79)
	at org.gradle.api.internal.tasks.testing.junitplatform.JUnitPlatformTestClassProcessor.stop(JUnitPlatformTestClassProcessor.java:75)
	at org.gradle.api.internal.tasks.testing.SuiteTestClassProcessor.stop(SuiteTestClassProcessor.java:61)
	at java.base/jdk.internal.reflect.NativeMethodAccessorImpl.invoke0(Native Method)
	at java.base/jdk.internal.reflect.NativeMethodAccessorImpl.invoke(NativeMethodAccessorImpl.java:77)
	at java.base/jdk.internal.reflect.DelegatingMethodAccessorImpl.invoke(DelegatingMethodAccessorImpl.java:43)
	at java.base/java.lang.reflect.Method.invoke(Method.java:568)
	at org.gradle.internal.dispatch.ReflectionDispatch.dispatch(ReflectionDispatch.java:36)
	at org.gradle.internal.dispatch.ReflectionDispatch.dispatch(ReflectionDispatch.java:24)
	at org.gradle.internal.dispatch.ContextClassLoaderDispatch.dispatch(ContextClassLoaderDispatch.java:33)
	at org.gradle.internal.dispatch.ProxyDispatchAdapter$DispatchingInvocationHandler.invoke(ProxyDispatchAdapter.java:94)
	at jdk.proxy1/jdk.proxy1.$Proxy2.stop(Unknown Source)
	at org.gradle.api.internal.tasks.testing.worker.TestWorker$3.run(TestWorker.java:193)
	at org.gradle.api.internal.tasks.testing.worker.TestWorker.executeAndMaintainThreadName(TestWorker.java:129)
	at org.gradle.api.internal.tasks.testing.worker.TestWorker.execute(TestWorker.java:100)
	at org.gradle.api.internal.tasks.testing.worker.TestWorker.execute(TestWorker.java:60)
	at org.gradle.process.internal.worker.child.ActionExecutionWorker.execute(ActionExecutionWorker.java:56)
	at org.gradle.process.internal.worker.child.SystemApplicationClassLoaderWorker.call(SystemApplicationClassLoaderWorker.java:133)
	at org.gradle.process.internal.worker.child.SystemApplicationClassLoaderWorker.call(SystemApplicationClassLoaderWorker.java:71)
	at worker.org.gradle.process.internal.worker.GradleWorkerMain.run(GradleWorkerMain.java:69)
	at worker.org.gradle.process.internal.worker.GradleWorkerMain.main(GradleWorkerMain.java:74)
paź 07, 2023 4:02:24 PM pl.edu.agh.iisg.to.executor.QueryExecutor read
INFO: Query: SELECT * FROM course WHERE id = ? executed.
paź 07, 2023 4:02:24 PM pl.edu.agh.iisg.to.executor.QueryExecutor read
INFO: Query: SELECT * FROM course WHERE id = ? executed.
paź 07, 2023 4:02:24 PM pl.edu.agh.iisg.to.executor.QueryExecutor read
INFO: Query: SELECT * FROM student WHERE id = (?) executed.
paź 07, 2023 4:02:24 PM pl.edu.agh.iisg.to.executor.QueryExecutor read
INFO: Query: SELECT * FROM student WHERE id = (?) executed.
paź 07, 2023 4:02:24 PM pl.edu.agh.iisg.to.executor.QueryExecutor read
INFO: Query: SELECT * FROM course WHERE id = ? executed.
paź 07, 2023 4:02:24 PM pl.edu.agh.iisg.to.executor.QueryExecutor read
INFO: Query: SELECT student_id, course_id FROM student_course sc WHERE sc.student_id = ? and sc.course_id = ?  executed.
paź 07, 2023 4:02:24 PM pl.edu.agh.iisg.to.executor.QueryExecutor read
INFO: Query: SELECT student_id, course_id FROM student_course sc WHERE sc.student_id = ? and sc.course_id = ?  executed.
paź 07, 2023 4:02:24 PM pl.edu.agh.iisg.to.executor.QueryExecutor read
INFO: Query: SELECT * FROM student WHERE id = (?) executed.
paź 07, 2023 4:02:24 PM pl.edu.agh.iisg.to.executor.QueryExecutor read
INFO: Query: SELECT * FROM course WHERE id = ? executed.
paź 07, 2023 4:02:24 PM pl.edu.agh.iisg.to.executor.QueryExecutor read
INFO: Query: select * from grade as g where g.student_id = ? and g.course_id = ? executed.
paź 07, 2023 4:02:24 PM pl.edu.agh.iisg.to.connection.ConnectionProvider close
INFO: Closing connection
]]></system-err>
</testsuite>
